#
# There is insufficient memory for the Java Runtime Environment to continue.
# Native memory allocation (mmap) failed to map 65536 bytes for Failed to commit metaspace.
# Possible reasons:
#   The system is out of physical RAM or swap space
#   The process is running with CompressedOops enabled, and the Java Heap may be blocking the growth of the native heap
# Possible solutions:
#   Reduce memory load on the system
#   Increase physical memory or swap space
#   Check if swap backing store is full
#   Decrease Java heap size (-Xmx/-Xms)
#   Decrease number of Java threads
#   Decrease Java thread stack sizes (-Xss)
#   Set larger code cache with -XX:ReservedCodeCacheSize=
#   JVM is running with Zero Based Compressed Oops mode in which the Java heap is
#     placed in the first 32GB address space. The Java Heap base address is the
#     maximum limit for the native heap growth. Please use -XX:HeapBaseMinAddress
#     to set the Java Heap base and to place the Java Heap above 32GB virtual address.
# This output file may be truncated or incomplete.
#
#  Out of Memory Error (virtualSpaceNode.cpp:110), pid=27628, tid=25412
#
# JRE version: OpenJDK Runtime Environment (19.0.1+10) (build 19.0.1+10-21)
# Java VM: OpenJDK 64-Bit Server VM (19.0.1+10-21, mixed mode, sharing, tiered, compressed oops, compressed class ptrs, g1 gc, windows-amd64)
# No core dump will be written. Minidumps are not enabled by default on client versions of Windows
#

---------------  S U M M A R Y ------------

Command Line: -javaagent:C:\java\IntelliJ IDEA Community Edition 2022.2.3\lib\idea_rt.jar=53085:C:\java\IntelliJ IDEA Community Edition 2022.2.3\bin -Dfile.encoding=UTF-8 -Dsun.stdout.encoding=UTF-8 -Dsun.stderr.encoding=UTF-8 RentCar.Main

Host: 11th Gen Intel(R) Core(TM) i7-11800H @ 2.30GHz, 16 cores, 15G,  Windows 10 , 64 bit Build 19041 (10.0.19041.2364)
Time: Mon Dec 19 23:41:15 2022  Windows 10 , 64 bit Build 19041 (10.0.19041.2364) elapsed time: 0.088188 seconds (0d 0h 0m 0s)

---------------  T H R E A D  ---------------

Current thread (0x000002507bc4ded0):  JavaThread "main" [_thread_in_vm, id=25412, stack(0x000000ab96600000,0x000000ab96700000)]

Stack: [0x000000ab96600000,0x000000ab96700000]
Native frames: (J=compiled Java code, j=interpreted, Vv=VM code, C=native code)
V  [jvm.dll+0x6ee8fa]
V  [jvm.dll+0x857a1e]
V  [jvm.dll+0x85940e]
V  [jvm.dll+0x859ac3]
V  [jvm.dll+0x28291f]
V  [jvm.dll+0x85369b]
V  [jvm.dll+0x693276]
V  [jvm.dll+0x6932da]
V  [jvm.dll+0x695bd3]
V  [jvm.dll+0x695a9e]
V  [jvm.dll+0x693c9e]
V  [jvm.dll+0x26f4e1]
V  [jvm.dll+0x21e927]
V  [jvm.dll+0x214571]
V  [jvm.dll+0x5aa2d6]
V  [jvm.dll+0x22567a]
V  [jvm.dll+0x7ccb72]
V  [jvm.dll+0x7cdfba]
V  [jvm.dll+0x471656]
C  [java.dll+0x1a55]

Java frames: (J=compiled Java code, j=interpreted, Vv=VM code)
j  java.lang.ClassLoader.findBootstrapClass(Ljava/lang/String;)Ljava/lang/Class;+0 java.base@19.0.1
j  java.lang.ClassLoader.findBootstrapClassOrNull(Ljava/lang/String;)Ljava/lang/Class;+10 java.base@19.0.1
j  java.lang.System$2.findBootstrapClassOrNull(Ljava/lang/String;)Ljava/lang/Class;+1 java.base@19.0.1
j  jdk.internal.loader.ClassLoaders$BootClassLoader.loadClassOrNull(Ljava/lang/String;Z)Ljava/lang/Class;+4 java.base@19.0.1
j  jdk.internal.loader.BuiltinClassLoader.loadClassOrNull(Ljava/lang/String;)Ljava/lang/Class;+3 java.base@19.0.1
j  jdk.internal.loader.BuiltinClassLoader.loadClassOrNull(Ljava/lang/String;Z)Ljava/lang/Class;+66 java.base@19.0.1
j  jdk.internal.loader.BuiltinClassLoader.loadClass(Ljava/lang/String;Z)Ljava/lang/Class;+3 java.base@19.0.1
j  jdk.internal.loader.ClassLoaders$AppClassLoader.loadClass(Ljava/lang/String;Z)Ljava/lang/Class;+36 java.base@19.0.1
j  java.lang.ClassLoader.loadClass(Ljava/lang/String;)Ljava/lang/Class;+3 java.base@19.0.1
v  ~StubRoutines::call_stub 0x000002500f2e10e8
j  RentCar.Main.main([Ljava/lang/String;)V+14
v  ~StubRoutines::call_stub 0x000002500f2e10e8

---------------  P R O C E S S  ---------------

Threads class SMR info:
_java_thread_list=0x0000025023d3bb40, length=15, elements={
0x000002507bc4ded0, 0x000002501fb0fd40, 0x000002501fb10dc0, 0x000002501fb17070,
0x000002501fb19ab0, 0x000002501fb1c520, 0x000002501fb3e310, 0x000002501fb47120,
0x000002501fb48aa0, 0x0000025023c08070, 0x000002501fadc230, 0x0000025023cf9780,
0x0000025023cfc120, 0x0000025023e3bb30, 0x0000025023e3c070
}

Java Threads: ( => current thread )
=>0x000002507bc4ded0 JavaThread "main" [_thread_in_vm, id=25412, stack(0x000000ab96600000,0x000000ab96700000)]
  0x000002501fb0fd40 JavaThread "Reference Handler" daemon [_thread_blocked, id=21968, stack(0x000000ab96d00000,0x000000ab96e00000)]
  0x000002501fb10dc0 JavaThread "Finalizer" daemon [_thread_blocked, id=2724, stack(0x000000ab96e00000,0x000000ab96f00000)]
  0x000002501fb17070 JavaThread "Signal Dispatcher" daemon [_thread_blocked, id=9128, stack(0x000000ab96f00000,0x000000ab97000000)]
  0x000002501fb19ab0 JavaThread "Attach Listener" daemon [_thread_blocked, id=3904, stack(0x000000ab97000000,0x000000ab97100000)]
  0x000002501fb1c520 JavaThread "Service Thread" daemon [_thread_blocked, id=7072, stack(0x000000ab97100000,0x000000ab97200000)]
  0x000002501fb3e310 JavaThread "Monitor Deflation Thread" daemon [_thread_blocked, id=8476, stack(0x000000ab97200000,0x000000ab97300000)]
  0x000002501fb47120 JavaThread "C2 CompilerThread0" daemon [_thread_blocked, id=24864, stack(0x000000ab97300000,0x000000ab97400000)]
  0x000002501fb48aa0 JavaThread "C1 CompilerThread0" daemon [_thread_blocked, id=1116, stack(0x000000ab97400000,0x000000ab97500000)]
  0x0000025023c08070 JavaThread "Sweeper thread" daemon [_thread_blocked, id=26564, stack(0x000000ab97500000,0x000000ab97600000)]
  0x000002501fadc230 JavaThread "Common-Cleaner" daemon [_thread_blocked, id=24036, stack(0x000000ab97600000,0x000000ab97700000)]
  0x0000025023cf9780 JavaThread "C1 CompilerThread1" daemon [_thread_blocked, id=19904, stack(0x000000ab97700000,0x000000ab97800000)]
  0x0000025023cfc120 JavaThread "C1 CompilerThread2" daemon [_thread_blocked, id=28440, stack(0x000000ab97800000,0x000000ab97900000)]
  0x0000025023e3bb30 JavaThread "Monitor Ctrl-Break" daemon [_thread_in_native, id=3444, stack(0x000000ab97900000,0x000000ab97a00000)]
  0x0000025023e3c070 JavaThread "Notification Thread" daemon [_thread_blocked, id=8824, stack(0x000000ab97a00000,0x000000ab97b00000)]

Other Threads:
  0x000002501faee050 VMThread "VM Thread" [stack: 0x000000ab96c00000,0x000000ab96d00000] [id=21612]
  0x000002507bc4eef0 WatcherThread "VM Periodic Task Thread" [stack: 0x000000ab97b00000,0x000000ab97c00000] [id=28552]
  0x000002507bcbdea0 WorkerThread "GC Thread#0" [stack: 0x000000ab96700000,0x000000ab96800000] [id=24468]
  0x000002507bccea00 ConcurrentGCThread "G1 Main Marker" [stack: 0x000000ab96800000,0x000000ab96900000] [id=15524]
  0x000002507bccf5d0 WorkerThread "G1 Conc#0" [stack: 0x000000ab96900000,0x000000ab96a00000] [id=4936]
  0x000002507bd1e630 ConcurrentGCThread "G1 Refine#0" [stack: 0x000000ab96a00000,0x000000ab96b00000] [id=12768]
  0x000002501f9aa3c0 ConcurrentGCThread "G1 Service" [stack: 0x000000ab96b00000,0x000000ab96c00000] [id=9944]

Threads with active compile tasks:

VM state: not at safepoint (normal execution)

VM Mutex/Monitor currently owned by a thread:  ([mutex/lock_event])
[0x000002507bc48c50] Metaspace_lock - owner thread: 0x000002507bc4ded0

Heap address: 0x0000000704000000, size: 4032 MB, Compressed Oops mode: Zero based, Oop shift amount: 3

CDS archive(s) mapped at: [0x0000000800000000-0x0000000800c30000-0x0000000800c30000), size 12779520, SharedBaseAddress: 0x0000000800000000, ArchiveRelocationMode: 0.
Compressed class space mapped at: 0x0000000801000000-0x0000000841000000, reserved size: 1073741824
Narrow klass base: 0x0000000800000000, Narrow klass shift: 0, Narrow klass range: 0x100000000

GC Precious Log:
 CardTable entry size: 512
 Card Set container configuration: InlinePtr #cards 4 size 8 Array Of Cards #cards 16 size 48 Howl #buckets 8 coarsen threshold 3686 Howl Bitmap #cards 512 size 80 coarsen threshold 460 Card regions per heap region 1 cards per card region 4096
 CPUs: 16 total, 16 available
 Memory: 16126M
 Large Page Support: Disabled
 NUMA Support: Disabled
 Compressed Oops: Enabled (Zero based)
 Heap Region Size: 2M
 Heap Min Capacity: 8M
 Heap Initial Capacity: 252M
 Heap Max Capacity: 4032M
 Pre-touch: Disabled
 Parallel Workers: 13
 Concurrent Workers: 3
 Concurrent Refinement Workers: 13
 Periodic GC: Disabled

Heap:
 garbage-first heap   total 258048K, used 4096K [0x0000000704000000, 0x0000000800000000)
  region size 2048K, 3 young (6144K), 0 survivors (0K)
 Metaspace       used 1141K, committed 1344K, reserved 1114112K
  class space    used 96K, committed 192K, reserved 1048576K

Heap Regions: E=young(eden), S=young(survivor), O=old, HS=humongous(starts), HC=humongous(continues), CS=collection set, F=free, OA=open archive, CA=closed archive, TAMS=top-at-mark-start (previous, next)
|   0|0x0000000704000000, 0x0000000704000000, 0x0000000704200000|  0%| F|  |TAMS 0x0000000704000000, 0x0000000704000000| Untracked 
|   1|0x0000000704200000, 0x0000000704200000, 0x0000000704400000|  0%| F|  |TAMS 0x0000000704200000, 0x0000000704200000| Untracked 
|   2|0x0000000704400000, 0x0000000704400000, 0x0000000704600000|  0%| F|  |TAMS 0x0000000704400000, 0x0000000704400000| Untracked 
|   3|0x0000000704600000, 0x0000000704600000, 0x0000000704800000|  0%| F|  |TAMS 0x0000000704600000, 0x0000000704600000| Untracked 
|   4|0x0000000704800000, 0x0000000704800000, 0x0000000704a00000|  0%| F|  |TAMS 0x0000000704800000, 0x0000000704800000| Untracked 
|   5|0x0000000704a00000, 0x0000000704a00000, 0x0000000704c00000|  0%| F|  |TAMS 0x0000000704a00000, 0x0000000704a00000| Untracked 
|   6|0x0000000704c00000, 0x0000000704c00000, 0x0000000704e00000|  0%| F|  |TAMS 0x0000000704c00000, 0x0000000704c00000| Untracked 
|   7|0x0000000704e00000, 0x0000000704e00000, 0x0000000705000000|  0%| F|  |TAMS 0x0000000704e00000, 0x0000000704e00000| Untracked 
|   8|0x0000000705000000, 0x0000000705000000, 0x0000000705200000|  0%| F|  |TAMS 0x0000000705000000, 0x0000000705000000| Untracked 
|   9|0x0000000705200000, 0x0000000705200000, 0x0000000705400000|  0%| F|  |TAMS 0x0000000705200000, 0x0000000705200000| Untracked 
|  10|0x0000000705400000, 0x0000000705400000, 0x0000000705600000|  0%| F|  |TAMS 0x0000000705400000, 0x0000000705400000| Untracked 
|  11|0x0000000705600000, 0x0000000705600000, 0x0000000705800000|  0%| F|  |TAMS 0x0000000705600000, 0x0000000705600000| Untracked 
|  12|0x0000000705800000, 0x0000000705800000, 0x0000000705a00000|  0%| F|  |TAMS 0x0000000705800000, 0x0000000705800000| Untracked 
|  13|0x0000000705a00000, 0x0000000705a00000, 0x0000000705c00000|  0%| F|  |TAMS 0x0000000705a00000, 0x0000000705a00000| Untracked 
|  14|0x0000000705c00000, 0x0000000705c00000, 0x0000000705e00000|  0%| F|  |TAMS 0x0000000705c00000, 0x0000000705c00000| Untracked 
|  15|0x0000000705e00000, 0x0000000705e00000, 0x0000000706000000|  0%| F|  |TAMS 0x0000000705e00000, 0x0000000705e00000| Untracked 
|  16|0x0000000706000000, 0x0000000706000000, 0x0000000706200000|  0%| F|  |TAMS 0x0000000706000000, 0x0000000706000000| Untracked 
|  17|0x0000000706200000, 0x0000000706200000, 0x0000000706400000|  0%| F|  |TAMS 0x0000000706200000, 0x0000000706200000| Untracked 
|  18|0x0000000706400000, 0x0000000706400000, 0x0000000706600000|  0%| F|  |TAMS 0x0000000706400000, 0x0000000706400000| Untracked 
|  19|0x0000000706600000, 0x0000000706600000, 0x0000000706800000|  0%| F|  |TAMS 0x0000000706600000, 0x0000000706600000| Untracked 
|  20|0x0000000706800000, 0x0000000706800000, 0x0000000706a00000|  0%| F|  |TAMS 0x0000000706800000, 0x0000000706800000| Untracked 
|  21|0x0000000706a00000, 0x0000000706a00000, 0x0000000706c00000|  0%| F|  |TAMS 0x0000000706a00000, 0x0000000706a00000| Untracked 
|  22|0x0000000706c00000, 0x0000000706c00000, 0x0000000706e00000|  0%| F|  |TAMS 0x0000000706c00000, 0x0000000706c00000| Untracked 
|  23|0x0000000706e00000, 0x0000000706e00000, 0x0000000707000000|  0%| F|  |TAMS 0x0000000706e00000, 0x0000000706e00000| Untracked 
|  24|0x0000000707000000, 0x0000000707000000, 0x0000000707200000|  0%| F|  |TAMS 0x0000000707000000, 0x0000000707000000| Untracked 
|  25|0x0000000707200000, 0x0000000707200000, 0x0000000707400000|  0%| F|  |TAMS 0x0000000707200000, 0x0000000707200000| Untracked 
|  26|0x0000000707400000, 0x0000000707400000, 0x0000000707600000|  0%| F|  |TAMS 0x0000000707400000, 0x0000000707400000| Untracked 
|  27|0x0000000707600000, 0x0000000707600000, 0x0000000707800000|  0%| F|  |TAMS 0x0000000707600000, 0x0000000707600000| Untracked 
|  28|0x0000000707800000, 0x0000000707800000, 0x0000000707a00000|  0%| F|  |TAMS 0x0000000707800000, 0x0000000707800000| Untracked 
|  29|0x0000000707a00000, 0x0000000707a00000, 0x0000000707c00000|  0%| F|  |TAMS 0x0000000707a00000, 0x0000000707a00000| Untracked 
|  30|0x0000000707c00000, 0x0000000707c00000, 0x0000000707e00000|  0%| F|  |TAMS 0x0000000707c00000, 0x0000000707c00000| Untracked 
|  31|0x0000000707e00000, 0x0000000707e00000, 0x0000000708000000|  0%| F|  |TAMS 0x0000000707e00000, 0x0000000707e00000| Untracked 
|  32|0x0000000708000000, 0x0000000708000000, 0x0000000708200000|  0%| F|  |TAMS 0x0000000708000000, 0x0000000708000000| Untracked 
|  33|0x0000000708200000, 0x0000000708200000, 0x0000000708400000|  0%| F|  |TAMS 0x0000000708200000, 0x0000000708200000| Untracked 
|  34|0x0000000708400000, 0x0000000708400000, 0x0000000708600000|  0%| F|  |TAMS 0x0000000708400000, 0x0000000708400000| Untracked 
|  35|0x0000000708600000, 0x0000000708600000, 0x0000000708800000|  0%| F|  |TAMS 0x0000000708600000, 0x0000000708600000| Untracked 
|  36|0x0000000708800000, 0x0000000708800000, 0x0000000708a00000|  0%| F|  |TAMS 0x0000000708800000, 0x0000000708800000| Untracked 
|  37|0x0000000708a00000, 0x0000000708a00000, 0x0000000708c00000|  0%| F|  |TAMS 0x0000000708a00000, 0x0000000708a00000| Untracked 
|  38|0x0000000708c00000, 0x0000000708c00000, 0x0000000708e00000|  0%| F|  |TAMS 0x0000000708c00000, 0x0000000708c00000| Untracked 
|  39|0x0000000708e00000, 0x0000000708e00000, 0x0000000709000000|  0%| F|  |TAMS 0x0000000708e00000, 0x0000000708e00000| Untracked 
|  40|0x0000000709000000, 0x0000000709000000, 0x0000000709200000|  0%| F|  |TAMS 0x0000000709000000, 0x0000000709000000| Untracked 
|  41|0x0000000709200000, 0x0000000709200000, 0x0000000709400000|  0%| F|  |TAMS 0x0000000709200000, 0x0000000709200000| Untracked 
|  42|0x0000000709400000, 0x0000000709400000, 0x0000000709600000|  0%| F|  |TAMS 0x0000000709400000, 0x0000000709400000| Untracked 
|  43|0x0000000709600000, 0x0000000709600000, 0x0000000709800000|  0%| F|  |TAMS 0x0000000709600000, 0x0000000709600000| Untracked 
|  44|0x0000000709800000, 0x0000000709800000, 0x0000000709a00000|  0%| F|  |TAMS 0x0000000709800000, 0x0000000709800000| Untracked 
|  45|0x0000000709a00000, 0x0000000709a00000, 0x0000000709c00000|  0%| F|  |TAMS 0x0000000709a00000, 0x0000000709a00000| Untracked 
|  46|0x0000000709c00000, 0x0000000709c00000, 0x0000000709e00000|  0%| F|  |TAMS 0x0000000709c00000, 0x0000000709c00000| Untracked 
|  47|0x0000000709e00000, 0x0000000709e00000, 0x000000070a000000|  0%| F|  |TAMS 0x0000000709e00000, 0x0000000709e00000| Untracked 
|  48|0x000000070a000000, 0x000000070a000000, 0x000000070a200000|  0%| F|  |TAMS 0x000000070a000000, 0x000000070a000000| Untracked 
|  49|0x000000070a200000, 0x000000070a200000, 0x000000070a400000|  0%| F|  |TAMS 0x000000070a200000, 0x000000070a200000| Untracked 
|  50|0x000000070a400000, 0x000000070a400000, 0x000000070a600000|  0%| F|  |TAMS 0x000000070a400000, 0x000000070a400000| Untracked 
|  51|0x000000070a600000, 0x000000070a600000, 0x000000070a800000|  0%| F|  |TAMS 0x000000070a600000, 0x000000070a600000| Untracked 
|  52|0x000000070a800000, 0x000000070a800000, 0x000000070aa00000|  0%| F|  |TAMS 0x000000070a800000, 0x000000070a800000| Untracked 
|  53|0x000000070aa00000, 0x000000070aa00000, 0x000000070ac00000|  0%| F|  |TAMS 0x000000070aa00000, 0x000000070aa00000| Untracked 
|  54|0x000000070ac00000, 0x000000070ac00000, 0x000000070ae00000|  0%| F|  |TAMS 0x000000070ac00000, 0x000000070ac00000| Untracked 
|  55|0x000000070ae00000, 0x000000070ae00000, 0x000000070b000000|  0%| F|  |TAMS 0x000000070ae00000, 0x000000070ae00000| Untracked 
|  56|0x000000070b000000, 0x000000070b000000, 0x000000070b200000|  0%| F|  |TAMS 0x000000070b000000, 0x000000070b000000| Untracked 
|  57|0x000000070b200000, 0x000000070b200000, 0x000000070b400000|  0%| F|  |TAMS 0x000000070b200000, 0x000000070b200000| Untracked 
|  58|0x000000070b400000, 0x000000070b400000, 0x000000070b600000|  0%| F|  |TAMS 0x000000070b400000, 0x000000070b400000| Untracked 
|  59|0x000000070b600000, 0x000000070b600000, 0x000000070b800000|  0%| F|  |TAMS 0x000000070b600000, 0x000000070b600000| Untracked 
|  60|0x000000070b800000, 0x000000070b800000, 0x000000070ba00000|  0%| F|  |TAMS 0x000000070b800000, 0x000000070b800000| Untracked 
|  61|0x000000070ba00000, 0x000000070ba00000, 0x000000070bc00000|  0%| F|  |TAMS 0x000000070ba00000, 0x000000070ba00000| Untracked 
|  62|0x000000070bc00000, 0x000000070bc00000, 0x000000070be00000|  0%| F|  |TAMS 0x000000070bc00000, 0x000000070bc00000| Untracked 
|  63|0x000000070be00000, 0x000000070be00000, 0x000000070c000000|  0%| F|  |TAMS 0x000000070be00000, 0x000000070be00000| Untracked 
|  64|0x000000070c000000, 0x000000070c000000, 0x000000070c200000|  0%| F|  |TAMS 0x000000070c000000, 0x000000070c000000| Untracked 
|  65|0x000000070c200000, 0x000000070c200000, 0x000000070c400000|  0%| F|  |TAMS 0x000000070c200000, 0x000000070c200000| Untracked 
|  66|0x000000070c400000, 0x000000070c400000, 0x000000070c600000|  0%| F|  |TAMS 0x000000070c400000, 0x000000070c400000| Untracked 
|  67|0x000000070c600000, 0x000000070c600000, 0x000000070c800000|  0%| F|  |TAMS 0x000000070c600000, 0x000000070c600000| Untracked 
|  68|0x000000070c800000, 0x000000070c800000, 0x000000070ca00000|  0%| F|  |TAMS 0x000000070c800000, 0x000000070c800000| Untracked 
|  69|0x000000070ca00000, 0x000000070ca00000, 0x000000070cc00000|  0%| F|  |TAMS 0x000000070ca00000, 0x000000070ca00000| Untracked 
|  70|0x000000070cc00000, 0x000000070cc00000, 0x000000070ce00000|  0%| F|  |TAMS 0x000000070cc00000, 0x000000070cc00000| Untracked 
|  71|0x000000070ce00000, 0x000000070ce00000, 0x000000070d000000|  0%| F|  |TAMS 0x000000070ce00000, 0x000000070ce00000| Untracked 
|  72|0x000000070d000000, 0x000000070d000000, 0x000000070d200000|  0%| F|  |TAMS 0x000000070d000000, 0x000000070d000000| Untracked 
|  73|0x000000070d200000, 0x000000070d200000, 0x000000070d400000|  0%| F|  |TAMS 0x000000070d200000, 0x000000070d200000| Untracked 
|  74|0x000000070d400000, 0x000000070d400000, 0x000000070d600000|  0%| F|  |TAMS 0x000000070d400000, 0x000000070d400000| Untracked 
|  75|0x000000070d600000, 0x000000070d600000, 0x000000070d800000|  0%| F|  |TAMS 0x000000070d600000, 0x000000070d600000| Untracked 
|  76|0x000000070d800000, 0x000000070d800000, 0x000000070da00000|  0%| F|  |TAMS 0x000000070d800000, 0x000000070d800000| Untracked 
|  77|0x000000070da00000, 0x000000070da00000, 0x000000070dc00000|  0%| F|  |TAMS 0x000000070da00000, 0x000000070da00000| Untracked 
|  78|0x000000070dc00000, 0x000000070dc00000, 0x000000070de00000|  0%| F|  |TAMS 0x000000070dc00000, 0x000000070dc00000| Untracked 
|  79|0x000000070de00000, 0x000000070de00000, 0x000000070e000000|  0%| F|  |TAMS 0x000000070de00000, 0x000000070de00000| Untracked 
|  80|0x000000070e000000, 0x000000070e000000, 0x000000070e200000|  0%| F|  |TAMS 0x000000070e000000, 0x000000070e000000| Untracked 
|  81|0x000000070e200000, 0x000000070e200000, 0x000000070e400000|  0%| F|  |TAMS 0x000000070e200000, 0x000000070e200000| Untracked 
|  82|0x000000070e400000, 0x000000070e400000, 0x000000070e600000|  0%| F|  |TAMS 0x000000070e400000, 0x000000070e400000| Untracked 
|  83|0x000000070e600000, 0x000000070e600000, 0x000000070e800000|  0%| F|  |TAMS 0x000000070e600000, 0x000000070e600000| Untracked 
|  84|0x000000070e800000, 0x000000070e800000, 0x000000070ea00000|  0%| F|  |TAMS 0x000000070e800000, 0x000000070e800000| Untracked 
|  85|0x000000070ea00000, 0x000000070ea00000, 0x000000070ec00000|  0%| F|  |TAMS 0x000000070ea00000, 0x000000070ea00000| Untracked 
|  86|0x000000070ec00000, 0x000000070ec00000, 0x000000070ee00000|  0%| F|  |TAMS 0x000000070ec00000, 0x000000070ec00000| Untracked 
|  87|0x000000070ee00000, 0x000000070ee00000, 0x000000070f000000|  0%| F|  |TAMS 0x000000070ee00000, 0x000000070ee00000| Untracked 
|  88|0x000000070f000000, 0x000000070f000000, 0x000000070f200000|  0%| F|  |TAMS 0x000000070f000000, 0x000000070f000000| Untracked 
|  89|0x000000070f200000, 0x000000070f200000, 0x000000070f400000|  0%| F|  |TAMS 0x000000070f200000, 0x000000070f200000| Untracked 
|  90|0x000000070f400000, 0x000000070f400000, 0x000000070f600000|  0%| F|  |TAMS 0x000000070f400000, 0x000000070f400000| Untracked 
|  91|0x000000070f600000, 0x000000070f600000, 0x000000070f800000|  0%| F|  |TAMS 0x000000070f600000, 0x000000070f600000| Untracked 
|  92|0x000000070f800000, 0x000000070f800000, 0x000000070fa00000|  0%| F|  |TAMS 0x000000070f800000, 0x000000070f800000| Untracked 
|  93|0x000000070fa00000, 0x000000070fa00000, 0x000000070fc00000|  0%| F|  |TAMS 0x000000070fa00000, 0x000000070fa00000| Untracked 
|  94|0x000000070fc00000, 0x000000070fc00000, 0x000000070fe00000|  0%| F|  |TAMS 0x000000070fc00000, 0x000000070fc00000| Untracked 
|  95|0x000000070fe00000, 0x000000070fe00000, 0x0000000710000000|  0%| F|  |TAMS 0x000000070fe00000, 0x000000070fe00000| Untracked 
|  96|0x0000000710000000, 0x0000000710000000, 0x0000000710200000|  0%| F|  |TAMS 0x0000000710000000, 0x0000000710000000| Untracked 
|  97|0x0000000710200000, 0x0000000710200000, 0x0000000710400000|  0%| F|  |TAMS 0x0000000710200000, 0x0000000710200000| Untracked 
|  98|0x0000000710400000, 0x0000000710400000, 0x0000000710600000|  0%| F|  |TAMS 0x0000000710400000, 0x0000000710400000| Untracked 
|  99|0x0000000710600000, 0x0000000710600000, 0x0000000710800000|  0%| F|  |TAMS 0x0000000710600000, 0x0000000710600000| Untracked 
| 100|0x0000000710800000, 0x0000000710800000, 0x0000000710a00000|  0%| F|  |TAMS 0x0000000710800000, 0x0000000710800000| Untracked 
| 101|0x0000000710a00000, 0x0000000710a00000, 0x0000000710c00000|  0%| F|  |TAMS 0x0000000710a00000, 0x0000000710a00000| Untracked 
| 102|0x0000000710c00000, 0x0000000710c00000, 0x0000000710e00000|  0%| F|  |TAMS 0x0000000710c00000, 0x0000000710c00000| Untracked 
| 103|0x0000000710e00000, 0x0000000710e00000, 0x0000000711000000|  0%| F|  |TAMS 0x0000000710e00000, 0x0000000710e00000| Untracked 
| 104|0x0000000711000000, 0x0000000711000000, 0x0000000711200000|  0%| F|  |TAMS 0x0000000711000000, 0x0000000711000000| Untracked 
| 105|0x0000000711200000, 0x0000000711200000, 0x0000000711400000|  0%| F|  |TAMS 0x0000000711200000, 0x0000000711200000| Untracked 
| 106|0x0000000711400000, 0x0000000711400000, 0x0000000711600000|  0%| F|  |TAMS 0x0000000711400000, 0x0000000711400000| Untracked 
| 107|0x0000000711600000, 0x0000000711600000, 0x0000000711800000|  0%| F|  |TAMS 0x0000000711600000, 0x0000000711600000| Untracked 
| 108|0x0000000711800000, 0x0000000711800000, 0x0000000711a00000|  0%| F|  |TAMS 0x0000000711800000, 0x0000000711800000| Untracked 
| 109|0x0000000711a00000, 0x0000000711a00000, 0x0000000711c00000|  0%| F|  |TAMS 0x0000000711a00000, 0x0000000711a00000| Untracked 
| 110|0x0000000711c00000, 0x0000000711c00000, 0x0000000711e00000|  0%| F|  |TAMS 0x0000000711c00000, 0x0000000711c00000| Untracked 
| 111|0x0000000711e00000, 0x0000000711e00000, 0x0000000712000000|  0%| F|  |TAMS 0x0000000711e00000, 0x0000000711e00000| Untracked 
| 112|0x0000000712000000, 0x0000000712000000, 0x0000000712200000|  0%| F|  |TAMS 0x0000000712000000, 0x0000000712000000| Untracked 
| 113|0x0000000712200000, 0x0000000712200000, 0x0000000712400000|  0%| F|  |TAMS 0x0000000712200000, 0x0000000712200000| Untracked 
| 114|0x0000000712400000, 0x0000000712400000, 0x0000000712600000|  0%| F|  |TAMS 0x0000000712400000, 0x0000000712400000| Untracked 
| 115|0x0000000712600000, 0x0000000712600000, 0x0000000712800000|  0%| F|  |TAMS 0x0000000712600000, 0x0000000712600000| Untracked 
| 116|0x0000000712800000, 0x0000000712800000, 0x0000000712a00000|  0%| F|  |TAMS 0x0000000712800000, 0x0000000712800000| Untracked 
| 117|0x0000000712a00000, 0x0000000712a00000, 0x0000000712c00000|  0%| F|  |TAMS 0x0000000712a00000, 0x0000000712a00000| Untracked 
| 118|0x0000000712c00000, 0x0000000712c00000, 0x0000000712e00000|  0%| F|  |TAMS 0x0000000712c00000, 0x0000000712c00000| Untracked 
| 119|0x0000000712e00000, 0x0000000712e00000, 0x0000000713000000|  0%| F|  |TAMS 0x0000000712e00000, 0x0000000712e00000| Untracked 
| 120|0x0000000713000000, 0x0000000713000000, 0x0000000713200000|  0%| F|  |TAMS 0x0000000713000000, 0x0000000713000000| Untracked 
| 121|0x0000000713200000, 0x0000000713200000, 0x0000000713400000|  0%| F|  |TAMS 0x0000000713200000, 0x0000000713200000| Untracked 
| 122|0x0000000713400000, 0x0000000713400000, 0x0000000713600000|  0%| F|  |TAMS 0x0000000713400000, 0x0000000713400000| Untracked 
| 123|0x0000000713600000, 0x00000007137c5550, 0x0000000713800000| 88%| E|  |TAMS 0x0000000713600000, 0x0000000713600000| Complete 
| 124|0x0000000713800000, 0x0000000713a00000, 0x0000000713a00000|100%| E|CS|TAMS 0x0000000713800000, 0x0000000713800000| Complete 
| 125|0x0000000713a00000, 0x0000000713c00000, 0x0000000713c00000|100%| E|CS|TAMS 0x0000000713a00000, 0x0000000713a00000| Complete 

Card table byte_map: [0x000002507cd90000,0x000002507d570000] _byte_map_base: 0x0000025079570000

Marking Bits (Prev, Next): (CMBitMap*) 0x000002507bcbe4d0, (CMBitMap*) 0x000002507bcbe510
 Prev Bits: [0x0000025016e90000, 0x000002501ad90000)
 Next Bits: [0x000002501ad90000, 0x000002501ec90000)

Polling page: 0x000002507b420000

Metaspace:

Usage:
  Non-class:      1.02 MB used.
      Class:     96.60 KB used.
       Both:      1.12 MB used.

Virtual space:
  Non-class space:       64.00 MB reserved,       1.12 MB (  2%) committed,  1 nodes.
      Class space:        1.00 GB reserved,     192.00 KB ( <1%) committed,  1 nodes.
             Both:        1.06 GB reserved,       1.31 MB ( <1%) committed. 

Chunk freelists:
   Non-Class:  3.81 MB
       Class:  3.67 MB
        Both:  7.48 MB

MaxMetaspaceSize: unlimited
CompressedClassSpaceSize: 1.00 GB
Initial GC threshold: 21.00 MB
Current GC threshold: 21.00 MB
CDS: on
MetaspaceReclaimPolicy: balanced
 - commit_granule_bytes: 65536.
 - commit_granule_words: 8192.
 - virtual_space_node_default_size: 8388608.
 - enlarge_chunks_in_place: 1.
 - new_chunks_are_fully_committed: 0.
 - uncommit_free_chunks: 1.
 - use_allocation_guard: 0.


Internal statistics:

num_allocs_failed_limit: 0.
num_arena_births: 138.
num_arena_deaths: 0.
num_vsnodes_births: 2.
num_vsnodes_deaths: 0.
num_space_committed: 21.
num_space_uncommitted: 0.
num_chunks_returned_to_freelist: 0.
num_chunks_taken_from_freelist: 176.
num_chunk_merges: 0.
num_chunk_splits: 107.
num_chunks_enlarged: 41.
num_inconsistent_stats: 0.

CodeHeap 'non-profiled nmethods': size=119168Kb used=145Kb max_used=145Kb free=119022Kb
 bounds [0x000002500fa30000, 0x000002500fca0000, 0x0000025016e90000]
CodeHeap 'profiled nmethods': size=119104Kb used=640Kb max_used=640Kb free=118463Kb
 bounds [0x0000025007e90000, 0x0000025008100000, 0x000002500f2e0000]
CodeHeap 'non-nmethods': size=7488Kb used=2367Kb max_used=2382Kb free=5121Kb
 bounds [0x000002500f2e0000, 0x000002500f550000, 0x000002500fa30000]
 total_blobs=904 nmethods=471 adapters=342
 compilation: enabled
              stopped_count=0, restarted_count=0
 full_count=0

Compilation events (20 events):
Event: 0.086 Thread 0x0000025023cf9780 nmethod 459 0x0000025007f2a190 code [0x0000025007f2a340, 0x0000025007f2a528]
Event: 0.086 Thread 0x000002501fb48aa0 nmethod 460 0x0000025007f2a610 code [0x0000025007f2a7c0, 0x0000025007f2aa08]
Event: 0.086 Thread 0x0000025023cf9780  462       3       java.lang.invoke.InvokerBytecodeGenerator::isStaticallyInvocable (165 bytes)
Event: 0.086 Thread 0x000002501fb48aa0  463       3       java.lang.invoke.MemberName::isPrivate (8 bytes)
Event: 0.086 Thread 0x000002501fb48aa0 nmethod 463 0x0000025007f2ab10 code [0x0000025007f2acc0, 0x0000025007f2ae98]
Event: 0.086 Thread 0x000002501fb48aa0  464       3       java.lang.reflect.Modifier::isPrivate (12 bytes)
Event: 0.086 Thread 0x0000025023cfc120 nmethod 466 0x0000025007f2af90 code [0x0000025007f2b180, 0x0000025007f2b618]
Event: 0.086 Thread 0x000002501fb48aa0 nmethod 464 0x0000025007f2b910 code [0x0000025007f2baa0, 0x0000025007f2bbf8]
Event: 0.086 Thread 0x0000025023cfc120  465       3       java.lang.invoke.InvokerBytecodeGenerator::emitStaticInvoke (258 bytes)
Event: 0.086 Thread 0x000002501fb48aa0  467       3       java.lang.invoke.InvokerBytecodeGenerator::refKindOpcode (112 bytes)
Event: 0.086 Thread 0x000002501fb48aa0 nmethod 467 0x0000025007f2bc90 code [0x0000025007f2bf00, 0x0000025007f2c708]
Event: 0.086 Thread 0x000002501fb48aa0  468       1       java.util.concurrent.locks.AbstractQueuedSynchronizer::getState (5 bytes)
Event: 0.086 Thread 0x000002501fb48aa0 nmethod 468 0x000002500fa52e90 code [0x000002500fa53020, 0x000002500fa530d8]
Event: 0.086 Thread 0x000002501fb48aa0  469       1       java.util.concurrent.locks.AbstractOwnableSynchronizer::getExclusiveOwnerThread (5 bytes)
Event: 0.086 Thread 0x000002501fb48aa0 nmethod 469 0x000002500fa53190 code [0x000002500fa53320, 0x000002500fa533f8]
Event: 0.086 Thread 0x000002501fb48aa0  470       1       java.util.concurrent.locks.AbstractQueuedSynchronizer::setState (6 bytes)
Event: 0.086 Thread 0x000002501fb48aa0 nmethod 470 0x000002500fa53490 code [0x000002500fa53620, 0x000002500fa536f8]
Event: 0.086 Thread 0x000002501fb48aa0  471       1       java.nio.Buffer::limit (5 bytes)
Event: 0.086 Thread 0x000002501fb48aa0 nmethod 471 0x000002500fa53790 code [0x000002500fa53920, 0x000002500fa539d8]
Event: 0.086 Thread 0x0000025023cf9780 nmethod 462 0x0000025007f2c990 code [0x0000025007f2cd40, 0x0000025007f2e268]

GC Heap History (0 events):
No events

Dll operation events (9 events):
Event: 0.005 Loaded shared library C:\java\JDK\bin\java.dll
Event: 0.012 Loaded shared library C:\java\JDK\bin\jsvml.dll
Event: 0.045 Loaded shared library C:\java\JDK\bin\zip.dll
Event: 0.048 Loaded shared library C:\java\JDK\bin\instrument.dll
Event: 0.052 Loaded shared library C:\java\JDK\bin\net.dll
Event: 0.053 Loaded shared library C:\java\JDK\bin\nio.dll
Event: 0.055 Loaded shared library C:\java\JDK\bin\zip.dll
Event: 0.060 Loaded shared library C:\java\IntelliJ IDEA Community Edition 2022.2.3\bin\breakgen64.dll
Event: 0.064 Loaded shared library C:\java\JDK\bin\extnet.dll

Deoptimization events (20 events):
Event: 0.065 Thread 0x000002507bc4ded0 Uncommon trap: trap_request=0xffffff45 fr.pc=0x000002500fa41a54 relative=0x00000000000000b4
Event: 0.065 Thread 0x000002507bc4ded0 Uncommon trap: reason=unstable_if action=reinterpret pc=0x000002500fa41a54 method=java.lang.String.charAt(I)C @ 4 c2
Event: 0.065 Thread 0x000002507bc4ded0 DEOPT PACKING pc=0x000002500fa41a54 sp=0x000000ab966fef30
Event: 0.065 Thread 0x000002507bc4ded0 DEOPT UNPACKING pc=0x000002500f34a5a3 sp=0x000000ab966feec0 mode 2
Event: 0.082 Thread 0x000002507bc4ded0 Uncommon trap: trap_request=0xffffffbe fr.pc=0x000002500fa50728 relative=0x0000000000000568
Event: 0.082 Thread 0x000002507bc4ded0 Uncommon trap: reason=profile_predicate action=maybe_recompile pc=0x000002500fa50728 method=jdk.internal.org.objectweb.asm.ByteVector.putUTF8(Ljava/lang/String;)Ljdk/internal/org/objectweb/asm/ByteVector; @ 79 c2
Event: 0.082 Thread 0x000002507bc4ded0 DEOPT PACKING pc=0x000002500fa50728 sp=0x000000ab966fd860
Event: 0.082 Thread 0x000002507bc4ded0 DEOPT UNPACKING pc=0x000002500f34a5a3 sp=0x000000ab966fd7e0 mode 2
Event: 0.082 Thread 0x000002507bc4ded0 Uncommon trap: trap_request=0xffffffbe fr.pc=0x000002500fa50728 relative=0x0000000000000568
Event: 0.082 Thread 0x000002507bc4ded0 Uncommon trap: reason=profile_predicate action=maybe_recompile pc=0x000002500fa50728 method=jdk.internal.org.objectweb.asm.ByteVector.putUTF8(Ljava/lang/String;)Ljdk/internal/org/objectweb/asm/ByteVector; @ 79 c2
Event: 0.082 Thread 0x000002507bc4ded0 DEOPT PACKING pc=0x000002500fa50728 sp=0x000000ab966fd8d0
Event: 0.082 Thread 0x000002507bc4ded0 DEOPT UNPACKING pc=0x000002500f34a5a3 sp=0x000000ab966fd850 mode 2
Event: 0.082 Thread 0x000002507bc4ded0 Uncommon trap: trap_request=0xffffffbe fr.pc=0x000002500fa50728 relative=0x0000000000000568
Event: 0.082 Thread 0x000002507bc4ded0 Uncommon trap: reason=profile_predicate action=maybe_recompile pc=0x000002500fa50728 method=jdk.internal.org.objectweb.asm.ByteVector.putUTF8(Ljava/lang/String;)Ljdk/internal/org/objectweb/asm/ByteVector; @ 79 c2
Event: 0.082 Thread 0x000002507bc4ded0 DEOPT PACKING pc=0x000002500fa50728 sp=0x000000ab966fd9f0
Event: 0.082 Thread 0x000002507bc4ded0 DEOPT UNPACKING pc=0x000002500f34a5a3 sp=0x000000ab966fd970 mode 2
Event: 0.082 Thread 0x000002507bc4ded0 Uncommon trap: trap_request=0xffffffbe fr.pc=0x000002500fa50728 relative=0x0000000000000568
Event: 0.082 Thread 0x000002507bc4ded0 Uncommon trap: reason=profile_predicate action=maybe_recompile pc=0x000002500fa50728 method=jdk.internal.org.objectweb.asm.ByteVector.putUTF8(Ljava/lang/String;)Ljdk/internal/org/objectweb/asm/ByteVector; @ 79 c2
Event: 0.082 Thread 0x000002507bc4ded0 DEOPT PACKING pc=0x000002500fa50728 sp=0x000000ab966fd8a0
Event: 0.082 Thread 0x000002507bc4ded0 DEOPT UNPACKING pc=0x000002500f34a5a3 sp=0x000000ab966fd820 mode 2

Classes loaded (20 events):
Event: 0.067 Loading class sun/net/NetHooks done
Event: 0.067 Loading class sun/nio/ch/NativeThread
Event: 0.067 Loading class sun/nio/ch/NativeThread done
Event: 0.067 Loading class java/net/Socket$SocketInputStream
Event: 0.068 Loading class java/net/Socket$SocketInputStream done
Event: 0.068 Loading class sun/nio/ch/NioSocketImpl$1
Event: 0.068 Loading class sun/nio/ch/NioSocketImpl$1 done
Event: 0.068 Loading class sun/nio/cs/US_ASCII$Decoder
Event: 0.068 Loading class sun/nio/cs/US_ASCII$Decoder done
Event: 0.068 Loading class sun/nio/ch/Util
Event: 0.068 Loading class sun/nio/ch/Util done
Event: 0.068 Loading class sun/nio/ch/Util$1
Event: 0.068 Loading class sun/nio/ch/Util$1 done
Event: 0.068 Loading class sun/nio/ch/Util$BufferCache
Event: 0.068 Loading class sun/nio/ch/Util$BufferCache done
Event: 0.068 Loading class java/nio/DirectByteBuffer$Deallocator
Event: 0.068 Loading class java/nio/DirectByteBuffer$Deallocator done
Event: 0.086 Loading class java/io/FileOutputStream$1
Event: 0.086 Loading class java/io/FileOutputStream$1 done
Event: 0.087 Loading class java/util/Scanner

Classes unloaded (0 events):
No events

Classes redefined (0 events):
No events

Internal exceptions (5 events):
Event: 0.056 Thread 0x000002507bc4ded0 Exception <a 'java/lang/NoSuchMethodError'{0x000000071396c318}: 'void java.lang.invoke.DirectMethodHandle$Holder.invokeStatic(java.lang.Object, java.lang.Object, java.lang.Object)'> (0x000000071396c318) 
thrown [s\open\src\hotspot\share\interpreter\linkResolver.cpp, line 774]
Event: 0.058 Thread 0x000002507bc4ded0 Exception <a 'java/lang/NoSuchMethodError'{0x0000000713984910}: 'java.lang.Object java.lang.invoke.Invokers$Holder.invokeExact_MT(java.lang.Object, java.lang.Object, java.lang.Object, java.lang.Object, java.lang.Object)'> (0x0000000713984910) 
thrown [s\open\src\hotspot\share\interpreter\linkResolver.cpp, line 774]
Event: 0.065 Thread 0x0000025023e3bb30 Exception <a 'java/lang/NoSuchMethodError'{0x00000007139cafb8}: 'void java.lang.invoke.DirectMethodHandle$Holder.invokeStatic(java.lang.Object, java.lang.Object)'> (0x00000007139cafb8) 
thrown [s\open\src\hotspot\share\interpreter\linkResolver.cpp, line 774]
Event: 0.084 Thread 0x000002507bc4ded0 Exception <a 'java/lang/NoSuchMethodError'{0x000000071377ef78}: 'java.lang.Object java.lang.invoke.DirectMethodHandle$Holder.invokeSpecial(java.lang.Object, java.lang.Object, java.lang.Object, java.lang.Object, int, java.lang.Object)'> (0x000000071377ef78) 
thrown [s\open\src\hotspot\share\interpreter\linkResolver.cpp, line 774]
Event: 0.084 Thread 0x000002507bc4ded0 Exception <a 'java/lang/NoSuchMethodError'{0x00000007137827c8}: 'java.lang.Object java.lang.invoke.Invokers$Holder.linkToTargetMethod(java.lang.Object, java.lang.Object, int, java.lang.Object, java.lang.Object)'> (0x00000007137827c8) 
thrown [s\open\src\hotspot\share\interpreter\linkResolver.cpp, line 774]

VM Operations (4 events):
Event: 0.039 Executing VM operation: HandshakeAllThreads
Event: 0.039 Executing VM operation: HandshakeAllThreads done
Event: 0.062 Executing VM operation: HandshakeAllThreads
Event: 0.062 Executing VM operation: HandshakeAllThreads done

Events (15 events):
Event: 0.013 Thread 0x000002507bc4ded0 Thread added: 0x000002507bc4ded0
Event: 0.023 Thread 0x000002501fb0fd40 Thread added: 0x000002501fb0fd40
Event: 0.023 Thread 0x000002501fb10dc0 Thread added: 0x000002501fb10dc0
Event: 0.023 Thread 0x000002501fb17070 Thread added: 0x000002501fb17070
Event: 0.023 Thread 0x000002501fb19ab0 Thread added: 0x000002501fb19ab0
Event: 0.023 Thread 0x000002501fb1c520 Thread added: 0x000002501fb1c520
Event: 0.023 Thread 0x000002501fb3e310 Thread added: 0x000002501fb3e310
Event: 0.023 Thread 0x000002501fb47120 Thread added: 0x000002501fb47120
Event: 0.023 Thread 0x000002501fb48aa0 Thread added: 0x000002501fb48aa0
Event: 0.023 Thread 0x0000025023c08070 Thread added: 0x0000025023c08070
Event: 0.034 Thread 0x000002501fadc230 Thread added: 0x000002501fadc230
Event: 0.039 Thread 0x0000025023cf9780 Thread added: 0x0000025023cf9780
Event: 0.039 Thread 0x0000025023cfc120 Thread added: 0x0000025023cfc120
Event: 0.060 Thread 0x0000025023e3bb30 Thread added: 0x0000025023e3bb30
Event: 0.060 Thread 0x0000025023e3c070 Thread added: 0x0000025023e3c070


Dynamic libraries:
0x00007ff653770000 - 0x00007ff65377e000 	C:\java\JDK\bin\java.exe
0x00007ffdc0910000 - 0x00007ffdc0b08000 	C:\Windows\SYSTEM32\ntdll.dll
0x00007ffdc0030000 - 0x00007ffdc00ef000 	C:\Windows\System32\KERNEL32.DLL
0x00007ffdbe2c0000 - 0x00007ffdbe592000 	C:\Windows\System32\KERNELBASE.dll
0x00007ffdbe790000 - 0x00007ffdbe890000 	C:\Windows\System32\ucrtbase.dll
0x00007ffd937d0000 - 0x00007ffd937e7000 	C:\java\JDK\bin\jli.dll
0x00007ffd93b80000 - 0x00007ffd93b9b000 	C:\java\JDK\bin\VCRUNTIME140.dll
0x00007ffdbf300000 - 0x00007ffdbf4a1000 	C:\Windows\System32\USER32.dll
0x00007ffdbe5a0000 - 0x00007ffdbe5c2000 	C:\Windows\System32\win32u.dll
0x00007ffda6fa0000 - 0x00007ffda723a000 	C:\Windows\WinSxS\amd64_microsoft.windows.common-controls_6595b64144ccf1df_6.0.19041.1110_none_60b5254171f9507e\COMCTL32.dll
0x00007ffdbf2c0000 - 0x00007ffdbf2eb000 	C:\Windows\System32\GDI32.dll
0x00007ffdbe5d0000 - 0x00007ffdbe6df000 	C:\Windows\System32\gdi32full.dll
0x00007ffdbfb50000 - 0x00007ffdbfbee000 	C:\Windows\System32\msvcrt.dll
0x00007ffdbe1f0000 - 0x00007ffdbe28d000 	C:\Windows\System32\msvcp_win.dll
0x00007ffdbe950000 - 0x00007ffdbe982000 	C:\Windows\System32\IMM32.DLL
0x00007ffda48a0000 - 0x00007ffda48ac000 	C:\java\JDK\bin\vcruntime140_1.dll
0x00007ffd7b670000 - 0x00007ffd7b6fe000 	C:\java\JDK\bin\msvcp140.dll
0x00007ffd42630000 - 0x00007ffd432f0000 	C:\java\JDK\bin\server\jvm.dll
0x00007ffdbf210000 - 0x00007ffdbf2be000 	C:\Windows\System32\ADVAPI32.dll
0x00007ffdbf900000 - 0x00007ffdbf99c000 	C:\Windows\System32\sechost.dll
0x00007ffdbfa20000 - 0x00007ffdbfb45000 	C:\Windows\System32\RPCRT4.dll
0x00007ffdb3810000 - 0x00007ffdb3837000 	C:\Windows\SYSTEM32\WINMM.dll
0x00007ffdb95e0000 - 0x00007ffdb95e9000 	C:\Windows\SYSTEM32\WSOCK32.dll
0x00007ffdb5f50000 - 0x00007ffdb5f5a000 	C:\Windows\SYSTEM32\VERSION.dll
0x00007ffdc0860000 - 0x00007ffdc08cb000 	C:\Windows\System32\WS2_32.dll
0x00007ffdbc850000 - 0x00007ffdbc862000 	C:\Windows\SYSTEM32\kernel.appcore.dll
0x00007ffd937c0000 - 0x00007ffd937ca000 	C:\java\JDK\bin\jimage.dll
0x00007ffdbc550000 - 0x00007ffdbc734000 	C:\Windows\SYSTEM32\DBGHELP.DLL
0x00007ffda56f0000 - 0x00007ffda5725000 	C:\Windows\SYSTEM32\dbgcore.DLL
0x00007ffdbe160000 - 0x00007ffdbe1e2000 	C:\Windows\System32\bcryptPrimitives.dll
0x00007ffdb95d0000 - 0x00007ffdb95de000 	C:\java\JDK\bin\instrument.dll
0x00007ffd933a0000 - 0x00007ffd933c6000 	C:\java\JDK\bin\java.dll
0x00007ffd79db0000 - 0x00007ffd79e87000 	C:\java\JDK\bin\jsvml.dll
0x00007ffdbe990000 - 0x00007ffdbf0d4000 	C:\Windows\System32\SHELL32.dll
0x00007ffdbbce0000 - 0x00007ffdbc472000 	C:\Windows\SYSTEM32\windows.storage.dll
0x00007ffdbfcd0000 - 0x00007ffdc0025000 	C:\Windows\System32\combase.dll
0x00007ffdbda60000 - 0x00007ffdbda90000 	C:\Windows\SYSTEM32\Wldp.dll
0x00007ffdbf630000 - 0x00007ffdbf6dd000 	C:\Windows\System32\SHCORE.dll
0x00007ffdc00f0000 - 0x00007ffdc0145000 	C:\Windows\System32\shlwapi.dll
0x00007ffdbdf40000 - 0x00007ffdbdf5f000 	C:\Windows\SYSTEM32\profapi.dll
0x00007ffd93320000 - 0x00007ffd93338000 	C:\java\JDK\bin\zip.dll
0x00007ffd90fe0000 - 0x00007ffd90ff3000 	C:\java\JDK\bin\net.dll
0x00007ffdb8530000 - 0x00007ffdb863c000 	C:\Windows\SYSTEM32\WINHTTP.dll
0x00007ffdbd7c0000 - 0x00007ffdbd82a000 	C:\Windows\system32\mswsock.dll
0x00007ffd8fc80000 - 0x00007ffd8fc96000 	C:\java\JDK\bin\nio.dll
0x00007ffda0a20000 - 0x00007ffda0a3a000 	C:\java\IntelliJ IDEA Community Edition 2022.2.3\bin\breakgen64.dll
0x00007ffd93590000 - 0x00007ffd93598000 	C:\java\JDK\bin\extnet.dll

dbghelp: loaded successfully - version: 4.0.5 - missing functions: none
symbol engine: initialized successfully - sym options: 0x614 - pdb path: .;C:\java\JDK\bin;C:\Windows\SYSTEM32;C:\Windows\WinSxS\amd64_microsoft.windows.common-controls_6595b64144ccf1df_6.0.19041.1110_none_60b5254171f9507e;C:\java\JDK\bin\server;C:\java\IntelliJ IDEA Community Edition 2022.2.3\bin

VM Arguments:
jvm_args: -javaagent:C:\java\IntelliJ IDEA Community Edition 2022.2.3\lib\idea_rt.jar=53085:C:\java\IntelliJ IDEA Community Edition 2022.2.3\bin -Dfile.encoding=UTF-8 -Dsun.stdout.encoding=UTF-8 -Dsun.stderr.encoding=UTF-8 
java_command: RentCar.Main
java_class_path (initial): C:\java\qczlxt\out\production\qczlxt
Launcher Type: SUN_STANDARD

[Global flags]
     intx CICompilerCount                          = 12                                        {product} {ergonomic}
     uint ConcGCThreads                            = 3                                         {product} {ergonomic}
     uint G1ConcRefinementThreads                  = 13                                        {product} {ergonomic}
   size_t G1HeapRegionSize                         = 2097152                                   {product} {ergonomic}
    uintx GCDrainStackTargetSize                   = 64                                        {product} {ergonomic}
   size_t InitialHeapSize                          = 264241152                                 {product} {ergonomic}
   size_t MarkStackSize                            = 4194304                                   {product} {ergonomic}
   size_t MaxHeapSize                              = 4227858432                                {product} {ergonomic}
   size_t MaxNewSize                               = 2535456768                                {product} {ergonomic}
   size_t MinHeapDeltaBytes                        = 2097152                                   {product} {ergonomic}
   size_t MinHeapSize                              = 8388608                                   {product} {ergonomic}
    uintx NonNMethodCodeHeapSize                   = 7602480                                {pd product} {ergonomic}
    uintx NonProfiledCodeHeapSize                  = 122027880                              {pd product} {ergonomic}
    uintx ProfiledCodeHeapSize                     = 122027880                              {pd product} {ergonomic}
    uintx ReservedCodeCacheSize                    = 251658240                              {pd product} {ergonomic}
     bool SegmentedCodeCache                       = true                                      {product} {ergonomic}
   size_t SoftMaxHeapSize                          = 4227858432                             {manageable} {ergonomic}
     bool UseCompressedClassPointers               = true                           {product lp64_product} {ergonomic}
     bool UseCompressedOops                        = true                           {product lp64_product} {ergonomic}
     bool UseG1GC                                  = true                                      {product} {ergonomic}
     bool UseLargePagesIndividualAllocation        = false                                  {pd product} {ergonomic}

Logging:
Log output configuration:
 #0: stdout all=warning uptime,level,tags foldmultilines=false
 #1: stderr all=off uptime,level,tags foldmultilines=false

Environment Variables:
PATH=E:\vm\bin\;C:\Windows\system32;C:\Windows;C:\Windows\System32\Wbem;C:\Windows\System32\WindowsPowerShell\v1.0\;C:\Windows\System32\OpenSSH\;C:\Program Files\NVIDIA Corporation\NVIDIA NvDLISR;C:\Program Files (x86)\NVIDIA Corporation\PhysX\Common;C:\Program Files\dotnet\;D:\数据库\共享功能目录2\140\Tools\Binn\;D:\数据库\共享功能目录\140\Tools\Binn\;D:\数据库\共享功能目录\140\DTS\Binn\;D:\数据库\共享功能目录\Client SDK\ODBC\130\Tools\Binn\;C:\Program Files\Azure Data Studio\bin;D:\数据库\3\140\Tools\Binn\;D:\数据库\2\140\Tools\Binn\;D:\数据库\3\140\DTS\Binn\;D:\数据库\2\140\DTS\Binn\;C:\Program Files (x86)\Microsoft SQL Server\150\DTS\Binn\;C:\Users\歪比巴卜\AppData\Local\Microsoft\WindowsApps;;C:\Users\歪比巴卜\AppData\Local\Programs\Microsoft VS Code\bin;C:\java\IntelliJ IDEA Community Edition 2022.2.3\bin;;C:\Program Files\Azure Data Studio\bin
USERNAME=歪比巴卜
OS=Windows_NT
PROCESSOR_IDENTIFIER=Intel64 Family 6 Model 141 Stepping 1, GenuineIntel
TMP=C:\Users\歪比巴卜\AppData\Local\Temp
TEMP=C:\Users\歪比巴卜\AppData\Local\Temp



---------------  S Y S T E M  ---------------

OS:
 Windows 10 , 64 bit Build 19041 (10.0.19041.2364)
OS uptime: 0 days 13:31 hours

CPU: total 16 (initial active 16) (8 cores per cpu, 2 threads per core) family 6 model 141 stepping 1 microcode 0x3e, cx8, cmov, fxsr, ht, mmx, 3dnowpref, sse, sse2, sse3, ssse3, sse4.1, sse4.2, popcnt, lzcnt, tsc, tscinvbit, avx, avx2, aes, erms, clmul, bmi1, bmi2, adx, avx512f, avx512dq, avx512cd, avx512bw, avx512vl, sha, fma, vzeroupper, avx512_vpopcntdq, avx512_vpclmulqdq, avx512_vaes, avx512_vnni, clflush, clflushopt, clwb, avx512_vbmi2, avx512_vbmi, rdtscp, rdpid, fsrm, gfni, avx512_bitalg

Memory: 4k page, system-wide physical 16126M (5191M free)
TotalPageFile size 17476M (AvailPageFile size 4M)
current process WorkingSet (physical memory assigned to process): 40M, peak: 40M
current process commit charge ("private bytes"): 353M, peak: 353M

vm_info: OpenJDK 64-Bit Server VM (19.0.1+10-21) for windows-amd64 JRE (19.0.1+10-21), built on 2022-09-14T12:45:06Z by "mach5one" with MS VC++ 17.1 (VS2022)

END.
